[error] [2023-02-10T18:01:49.638Z] : × Error in parsing CLI command : ReferenceError: location is not defined
    at Object.<anonymous> (C:\Users\ACRUZM\Desktop\Prueba Widget\PruebaWidget\server\index.js:20:1)
    at Module._compile (node:internal/modules/cjs/loader:1226:14)
    at Module._extensions..js (node:internal/modules/cjs/loader:1280:10)
    at Module.load (node:internal/modules/cjs/loader:1089:32)
    at Module._load (node:internal/modules/cjs/loader:930:12)
    at Module.require (node:internal/modules/cjs/loader:1113:19)
    at require (node:internal/modules/cjs/helpers:103:18)
    at Object.run (C:\Users\ACRUZM\AppData\Roaming\npm\node_modules\zoho-extension-toolkit\lib\commands\run.js:11:5)
    at Command.<anonymous> (C:\Users\ACRUZM\AppData\Roaming\npm\node_modules\zoho-extension-toolkit\index.js:65:33)
    at Command.listener (C:\Users\ACRUZM\AppData\Roaming\npm\node_modules\zoho-extension-toolkit\node_modules\commander\index.js:315:8)
[error] [2023-02-10T18:02:10.204Z] : × Error in parsing CLI command : ReferenceError: location is not defined
    at Object.<anonymous> (C:\Users\ACRUZM\Desktop\Prueba Widget\PruebaWidget\server\index.js:20:1)
    at Module._compile (node:internal/modules/cjs/loader:1226:14)
    at Module._extensions..js (node:internal/modules/cjs/loader:1280:10)
    at Module.load (node:internal/modules/cjs/loader:1089:32)
    at Module._load (node:internal/modules/cjs/loader:930:12)
    at Module.require (node:internal/modules/cjs/loader:1113:19)
    at require (node:internal/modules/cjs/helpers:103:18)
    at Object.run (C:\Users\ACRUZM\AppData\Roaming\npm\node_modules\zoho-extension-toolkit\lib\commands\run.js:11:5)
    at Command.<anonymous> (C:\Users\ACRUZM\AppData\Roaming\npm\node_modules\zoho-extension-toolkit\index.js:65:33)
    at Command.listener (C:\Users\ACRUZM\AppData\Roaming\npm\node_modules\zoho-extension-toolkit\node_modules\commander\index.js:315:8)
[error] [2023-02-10T18:03:23.582Z] : × Error in parsing CLI command : ReferenceError: location is not defined
    at Object.<anonymous> (C:\Users\ACRUZM\Desktop\Prueba Widget\PruebaWidget\server\index.js:20:1)
    at Module._compile (node:internal/modules/cjs/loader:1226:14)
    at Module._extensions..js (node:internal/modules/cjs/loader:1280:10)
    at Module.load (node:internal/modules/cjs/loader:1089:32)
    at Module._load (node:internal/modules/cjs/loader:930:12)
    at Module.require (node:internal/modules/cjs/loader:1113:19)
    at require (node:internal/modules/cjs/helpers:103:18)
    at Object.run (C:\Users\ACRUZM\AppData\Roaming\npm\node_modules\zoho-extension-toolkit\lib\commands\run.js:11:5)
    at Command.<anonymous> (C:\Users\ACRUZM\AppData\Roaming\npm\node_modules\zoho-extension-toolkit\index.js:65:33)
    at Command.listener (C:\Users\ACRUZM\AppData\Roaming\npm\node_modules\zoho-extension-toolkit\node_modules\commander\index.js:315:8)
[error] [2023-02-10T18:03:56.383Z] : × Error in parsing CLI command : ReferenceError: location is not defined
    at Object.<anonymous> (C:\Users\ACRUZM\Desktop\Prueba Widget\PruebaWidget\server\index.js:20:1)
    at Module._compile (node:internal/modules/cjs/loader:1226:14)
    at Module._extensions..js (node:internal/modules/cjs/loader:1280:10)
    at Module.load (node:internal/modules/cjs/loader:1089:32)
    at Module._load (node:internal/modules/cjs/loader:930:12)
    at Module.require (node:internal/modules/cjs/loader:1113:19)
    at require (node:internal/modules/cjs/helpers:103:18)
    at Object.run (C:\Users\ACRUZM\AppData\Roaming\npm\node_modules\zoho-extension-toolkit\lib\commands\run.js:11:5)
    at Command.<anonymous> (C:\Users\ACRUZM\AppData\Roaming\npm\node_modules\zoho-extension-toolkit\index.js:65:33)
    at Command.listener (C:\Users\ACRUZM\AppData\Roaming\npm\node_modules\zoho-extension-toolkit\node_modules\commander\index.js:315:8)
[error] [2023-02-10T18:04:44.079Z] : × Error in parsing CLI command : ReferenceError: location is not defined
    at Object.<anonymous> (C:\Users\ACRUZM\Desktop\Prueba Widget\PruebaWidget\server\index.js:20:1)
    at Module._compile (node:internal/modules/cjs/loader:1226:14)
    at Module._extensions..js (node:internal/modules/cjs/loader:1280:10)
    at Module.load (node:internal/modules/cjs/loader:1089:32)
    at Module._load (node:internal/modules/cjs/loader:930:12)
    at Module.require (node:internal/modules/cjs/loader:1113:19)
    at require (node:internal/modules/cjs/helpers:103:18)
    at Object.run (C:\Users\ACRUZM\AppData\Roaming\npm\node_modules\zoho-extension-toolkit\lib\commands\run.js:11:5)
    at Command.<anonymous> (C:\Users\ACRUZM\AppData\Roaming\npm\node_modules\zoho-extension-toolkit\index.js:65:33)
    at Command.listener (C:\Users\ACRUZM\AppData\Roaming\npm\node_modules\zoho-extension-toolkit\node_modules\commander\index.js:315:8)
